{"/Users/amiledlamini/Desktop/pulsevote/pulsevote-backend/app.js": {"path":"/Users/amiledlamini/Desktop/pulsevote/pulsevote-backend/app.js","statementMap":{"0":{"start":{"line":1,"column":16},"end":{"line":1,"column":34}},"1":{"start":{"line":2,"column":13},"end":{"line":2,"column":28}},"2":{"start":{"line":3,"column":15},"end":{"line":3,"column":32}},"3":{"start":{"line":4,"column":15},"end":{"line":4,"column":32}},"4":{"start":{"line":5,"column":19},"end":{"line":5,"column":49}},"5":{"start":{"line":6,"column":27},"end":{"line":6,"column":65}},"6":{"start":{"line":7,"column":19},"end":{"line":7,"column":49}},"7":{"start":{"line":9,"column":0},"end":{"line":9,"column":16}},"8":{"start":{"line":11,"column":12},"end":{"line":11,"column":21}},"9":{"start":{"line":13,"column":0},"end":{"line":13,"column":26}},"10":{"start":{"line":15,"column":0},"end":{"line":15,"column":18}},"11":{"start":{"line":17,"column":0},"end":{"line":41,"column":2}},"12":{"start":{"line":43,"column":0},"end":{"line":43,"column":24}},"13":{"start":{"line":45,"column":0},"end":{"line":50,"column":2}},"14":{"start":{"line":52,"column":0},"end":{"line":54,"column":3}},"15":{"start":{"line":53,"column":0},"end":{"line":53,"column":35}},"16":{"start":{"line":56,"column":0},"end":{"line":62,"column":3}},"17":{"start":{"line":57,"column":4},"end":{"line":61,"column":7}},"18":{"start":{"line":64,"column":0},"end":{"line":69,"column":3}},"19":{"start":{"line":65,"column":2},"end":{"line":68,"column":5}},"20":{"start":{"line":72,"column":0},"end":{"line":72,"column":33}},"21":{"start":{"line":75,"column":0},"end":{"line":75,"column":50}},"22":{"start":{"line":78,"column":0},"end":{"line":78,"column":34}},"23":{"start":{"line":81,"column":20},"end":{"line":81,"column":58}},"24":{"start":{"line":83,"column":0},"end":{"line":88,"column":3}},"25":{"start":{"line":84,"column":2},"end":{"line":87,"column":5}},"26":{"start":{"line":90,"column":0},"end":{"line":90,"column":21}}},"fnMap":{"0":{"name":"(anonymous_0)","decl":{"start":{"line":52,"column":13},"end":{"line":52,"column":14}},"loc":{"start":{"line":52,"column":27},"end":{"line":54,"column":1}},"line":52},"1":{"name":"(anonymous_1)","decl":{"start":{"line":56,"column":17},"end":{"line":56,"column":18}},"loc":{"start":{"line":56,"column":31},"end":{"line":62,"column":1}},"line":56},"2":{"name":"(anonymous_2)","decl":{"start":{"line":64,"column":19},"end":{"line":64,"column":20}},"loc":{"start":{"line":64,"column":33},"end":{"line":69,"column":1}},"line":64},"3":{"name":"(anonymous_3)","decl":{"start":{"line":83,"column":35},"end":{"line":83,"column":36}},"loc":{"start":{"line":83,"column":49},"end":{"line":88,"column":1}},"line":83}},"branchMap":{},"s":{"0":3,"1":3,"2":3,"3":3,"4":3,"5":3,"6":3,"7":3,"8":3,"9":3,"10":3,"11":3,"12":3,"13":3,"14":3,"15":1,"16":3,"17":1,"18":3,"19":1,"20":3,"21":3,"22":3,"23":3,"24":3,"25":0,"26":3},"f":{"0":1,"1":1,"2":1,"3":0},"b":{},"_coverageSchema":"1a1c01bbd47fc00a2c39e90264f33305004495a9","hash":"295df4fc7ace8153bc39495f2b84ef4d72c652ab"}
,"/Users/amiledlamini/Desktop/pulsevote/pulsevote-backend/controllers/authController.js": {"path":"/Users/amiledlamini/Desktop/pulsevote/pulsevote-backend/controllers/authController.js","statementMap":{"0":{"start":{"line":1,"column":0},"end":{"line":1,"column":33}},"1":{"start":{"line":4,"column":0},"end":{"line":4,"column":40}},"2":{"start":{"line":6,"column":13},"end":{"line":6,"column":38}},"3":{"start":{"line":7,"column":29},"end":{"line":7,"column":57}},"4":{"start":{"line":8,"column":22},"end":{"line":8,"column":55}},"5":{"start":{"line":10,"column":0},"end":{"line":10,"column":36}},"6":{"start":{"line":15,"column":0},"end":{"line":55,"column":2}},"7":{"start":{"line":16,"column":17},"end":{"line":16,"column":38}},"8":{"start":{"line":18,"column":2},"end":{"line":23,"column":3}},"9":{"start":{"line":19,"column":4},"end":{"line":22,"column":7}},"10":{"start":{"line":25,"column":2},"end":{"line":54,"column":3}},"11":{"start":{"line":26,"column":32},"end":{"line":26,"column":40}},"12":{"start":{"line":28,"column":21},"end":{"line":28,"column":50}},"13":{"start":{"line":30,"column":4},"end":{"line":34,"column":5}},"14":{"start":{"line":31,"column":6},"end":{"line":33,"column":9}},"15":{"start":{"line":36,"column":17},"end":{"line":40,"column":6}},"16":{"start":{"line":42,"column":18},"end":{"line":42,"column":37}},"17":{"start":{"line":44,"column":4},"end":{"line":47,"column":7}},"18":{"start":{"line":49,"column":4},"end":{"line":49,"column":23}},"19":{"start":{"line":51,"column":4},"end":{"line":53,"column":7}},"20":{"start":{"line":60,"column":0},"end":{"line":100,"column":2}},"21":{"start":{"line":61,"column":17},"end":{"line":61,"column":38}},"22":{"start":{"line":63,"column":2},"end":{"line":68,"column":3}},"23":{"start":{"line":64,"column":4},"end":{"line":67,"column":7}},"24":{"start":{"line":70,"column":2},"end":{"line":99,"column":3}},"25":{"start":{"line":71,"column":32},"end":{"line":71,"column":40}},"26":{"start":{"line":73,"column":21},"end":{"line":73,"column":50}},"27":{"start":{"line":75,"column":4},"end":{"line":79,"column":5}},"28":{"start":{"line":76,"column":6},"end":{"line":78,"column":9}},"29":{"start":{"line":81,"column":24},"end":{"line":85,"column":6}},"30":{"start":{"line":87,"column":18},"end":{"line":87,"column":44}},"31":{"start":{"line":89,"column":4},"end":{"line":92,"column":7}},"32":{"start":{"line":94,"column":4},"end":{"line":94,"column":23}},"33":{"start":{"line":96,"column":4},"end":{"line":98,"column":7}},"34":{"start":{"line":105,"column":0},"end":{"line":171,"column":2}},"35":{"start":{"line":106,"column":17},"end":{"line":106,"column":38}},"36":{"start":{"line":108,"column":2},"end":{"line":113,"column":3}},"37":{"start":{"line":109,"column":4},"end":{"line":112,"column":7}},"38":{"start":{"line":115,"column":2},"end":{"line":170,"column":3}},"39":{"start":{"line":116,"column":32},"end":{"line":116,"column":40}},"40":{"start":{"line":118,"column":21},"end":{"line":118,"column":50}},"41":{"start":{"line":120,"column":4},"end":{"line":124,"column":5}},"42":{"start":{"line":121,"column":6},"end":{"line":123,"column":9}},"43":{"start":{"line":127,"column":24},"end":{"line":129,"column":6}},"44":{"start":{"line":132,"column":4},"end":{"line":150,"column":5}},"45":{"start":{"line":133,"column":6},"end":{"line":137,"column":7}},"46":{"start":{"line":134,"column":8},"end":{"line":136,"column":11}},"47":{"start":{"line":139,"column":29},"end":{"line":139,"column":61}},"48":{"start":{"line":142,"column":8},"end":{"line":143,"column":60}},"49":{"start":{"line":143,"column":41},"end":{"line":143,"column":59}},"50":{"start":{"line":145,"column":6},"end":{"line":149,"column":7}},"51":{"start":{"line":146,"column":8},"end":{"line":148,"column":11}},"52":{"start":{"line":152,"column":22},"end":{"line":156,"column":6}},"53":{"start":{"line":158,"column":18},"end":{"line":158,"column":42}},"54":{"start":{"line":160,"column":4},"end":{"line":163,"column":7}},"55":{"start":{"line":165,"column":4},"end":{"line":165,"column":23}},"56":{"start":{"line":167,"column":4},"end":{"line":169,"column":7}},"57":{"start":{"line":176,"column":0},"end":{"line":210,"column":2}},"58":{"start":{"line":177,"column":17},"end":{"line":177,"column":38}},"59":{"start":{"line":179,"column":2},"end":{"line":184,"column":3}},"60":{"start":{"line":180,"column":4},"end":{"line":183,"column":7}},"61":{"start":{"line":186,"column":2},"end":{"line":209,"column":3}},"62":{"start":{"line":187,"column":32},"end":{"line":187,"column":40}},"63":{"start":{"line":189,"column":17},"end":{"line":189,"column":46}},"64":{"start":{"line":191,"column":4},"end":{"line":195,"column":5}},"65":{"start":{"line":192,"column":6},"end":{"line":194,"column":9}},"66":{"start":{"line":197,"column":18},"end":{"line":197,"column":37}},"67":{"start":{"line":199,"column":4},"end":{"line":202,"column":7}},"68":{"start":{"line":204,"column":4},"end":{"line":204,"column":23}},"69":{"start":{"line":206,"column":4},"end":{"line":208,"column":7}}},"fnMap":{"0":{"name":"(anonymous_0)","decl":{"start":{"line":15,"column":23},"end":{"line":15,"column":24}},"loc":{"start":{"line":15,"column":43},"end":{"line":55,"column":1}},"line":15},"1":{"name":"(anonymous_1)","decl":{"start":{"line":60,"column":26},"end":{"line":60,"column":27}},"loc":{"start":{"line":60,"column":46},"end":{"line":100,"column":1}},"line":60},"2":{"name":"(anonymous_2)","decl":{"start":{"line":105,"column":24},"end":{"line":105,"column":25}},"loc":{"start":{"line":105,"column":44},"end":{"line":171,"column":1}},"line":105},"3":{"name":"(anonymous_3)","decl":{"start":{"line":143,"column":34},"end":{"line":143,"column":35}},"loc":{"start":{"line":143,"column":41},"end":{"line":143,"column":59}},"line":143},"4":{"name":"(anonymous_4)","decl":{"start":{"line":176,"column":16},"end":{"line":176,"column":17}},"loc":{"start":{"line":176,"column":36},"end":{"line":210,"column":1}},"line":176}},"branchMap":{"0":{"loc":{"start":{"line":18,"column":2},"end":{"line":23,"column":3}},"type":"if","locations":[{"start":{"line":18,"column":2},"end":{"line":23,"column":3}},{"start":{},"end":{}}],"line":18},"1":{"loc":{"start":{"line":30,"column":4},"end":{"line":34,"column":5}},"type":"if","locations":[{"start":{"line":30,"column":4},"end":{"line":34,"column":5}},{"start":{},"end":{}}],"line":30},"2":{"loc":{"start":{"line":63,"column":2},"end":{"line":68,"column":3}},"type":"if","locations":[{"start":{"line":63,"column":2},"end":{"line":68,"column":3}},{"start":{},"end":{}}],"line":63},"3":{"loc":{"start":{"line":75,"column":4},"end":{"line":79,"column":5}},"type":"if","locations":[{"start":{"line":75,"column":4},"end":{"line":79,"column":5}},{"start":{},"end":{}}],"line":75},"4":{"loc":{"start":{"line":108,"column":2},"end":{"line":113,"column":3}},"type":"if","locations":[{"start":{"line":108,"column":2},"end":{"line":113,"column":3}},{"start":{},"end":{}}],"line":108},"5":{"loc":{"start":{"line":120,"column":4},"end":{"line":124,"column":5}},"type":"if","locations":[{"start":{"line":120,"column":4},"end":{"line":124,"column":5}},{"start":{},"end":{}}],"line":120},"6":{"loc":{"start":{"line":132,"column":4},"end":{"line":150,"column":5}},"type":"if","locations":[{"start":{"line":132,"column":4},"end":{"line":150,"column":5}},{"start":{},"end":{}}],"line":132},"7":{"loc":{"start":{"line":133,"column":6},"end":{"line":137,"column":7}},"type":"if","locations":[{"start":{"line":133,"column":6},"end":{"line":137,"column":7}},{"start":{},"end":{}}],"line":133},"8":{"loc":{"start":{"line":142,"column":8},"end":{"line":143,"column":60}},"type":"binary-expr","locations":[{"start":{"line":142,"column":8},"end":{"line":142,"column":22}},{"start":{"line":143,"column":8},"end":{"line":143,"column":60}}],"line":142},"9":{"loc":{"start":{"line":145,"column":6},"end":{"line":149,"column":7}},"type":"if","locations":[{"start":{"line":145,"column":6},"end":{"line":149,"column":7}},{"start":{},"end":{}}],"line":145},"10":{"loc":{"start":{"line":179,"column":2},"end":{"line":184,"column":3}},"type":"if","locations":[{"start":{"line":179,"column":2},"end":{"line":184,"column":3}},{"start":{},"end":{}}],"line":179},"11":{"loc":{"start":{"line":191,"column":4},"end":{"line":195,"column":5}},"type":"if","locations":[{"start":{"line":191,"column":4},"end":{"line":195,"column":5}},{"start":{},"end":{}}],"line":191},"12":{"loc":{"start":{"line":191,"column":8},"end":{"line":191,"column":56}},"type":"binary-expr","locations":[{"start":{"line":191,"column":8},"end":{"line":191,"column":13}},{"start":{"line":191,"column":17},"end":{"line":191,"column":56}}],"line":191}},"s":{"0":3,"1":3,"2":3,"3":3,"4":3,"5":3,"6":3,"7":2,"8":2,"9":2,"10":0,"11":0,"12":0,"13":0,"14":0,"15":0,"16":0,"17":0,"18":0,"19":0,"20":3,"21":0,"22":0,"23":0,"24":0,"25":0,"26":0,"27":0,"28":0,"29":0,"30":0,"31":0,"32":0,"33":0,"34":3,"35":1,"36":1,"37":1,"38":0,"39":0,"40":0,"41":0,"42":0,"43":0,"44":0,"45":0,"46":0,"47":0,"48":0,"49":0,"50":0,"51":0,"52":0,"53":0,"54":0,"55":0,"56":0,"57":3,"58":2,"59":2,"60":2,"61":0,"62":0,"63":0,"64":0,"65":0,"66":0,"67":0,"68":0,"69":0},"f":{"0":2,"1":0,"2":1,"3":0,"4":2},"b":{"0":[2,0],"1":[0,0],"2":[0,0],"3":[0,0],"4":[1,0],"5":[0,0],"6":[0,0],"7":[0,0],"8":[0,0],"9":[0,0],"10":[2,0],"11":[0,0],"12":[0,0]},"_coverageSchema":"1a1c01bbd47fc00a2c39e90264f33305004495a9","hash":"acd1d6dff6704ceb0af9d6b40d5800d5adb5680b"}
,"/Users/amiledlamini/Desktop/pulsevote/pulsevote-backend/controllers/organisationController": {"path":"/Users/amiledlamini/Desktop/pulsevote/pulsevote-backend/controllers/organisationController","statementMap":{"0":{"start":{"line":1,"column":21},"end":{"line":1,"column":54}},"1":{"start":{"line":2,"column":13},"end":{"line":2,"column":38}},"2":{"start":{"line":3,"column":22},"end":{"line":3,"column":55}},"3":{"start":{"line":5,"column":0},"end":{"line":39,"column":2}},"4":{"start":{"line":6,"column":2},"end":{"line":38,"column":3}},"5":{"start":{"line":7,"column":17},"end":{"line":7,"column":38}},"6":{"start":{"line":8,"column":4},"end":{"line":8,"column":89}},"7":{"start":{"line":8,"column":15},"end":{"line":8,"column":89}},"8":{"start":{"line":10,"column":21},"end":{"line":10,"column":57}},"9":{"start":{"line":11,"column":4},"end":{"line":11,"column":95}},"10":{"start":{"line":11,"column":18},"end":{"line":11,"column":95}},"11":{"start":{"line":13,"column":16},"end":{"line":17,"column":6}},"12":{"start":{"line":18,"column":4},"end":{"line":18,"column":27}},"13":{"start":{"line":19,"column":4},"end":{"line":19,"column":21}},"14":{"start":{"line":21,"column":17},"end":{"line":21,"column":49}},"15":{"start":{"line":22,"column":27},"end":{"line":24,"column":5}},"16":{"start":{"line":23,"column":16},"end":{"line":23,"column":97}},"17":{"start":{"line":26,"column":4},"end":{"line":29,"column":5}},"18":{"start":{"line":27,"column":6},"end":{"line":27,"column":68}},"19":{"start":{"line":28,"column":6},"end":{"line":28,"column":24}},"20":{"start":{"line":31,"column":4},"end":{"line":35,"column":7}},"21":{"start":{"line":37,"column":4},"end":{"line":37,"column":59}},"22":{"start":{"line":41,"column":0},"end":{"line":58,"column":2}},"23":{"start":{"line":42,"column":2},"end":{"line":57,"column":3}},"24":{"start":{"line":43,"column":17},"end":{"line":43,"column":56}},"25":{"start":{"line":44,"column":4},"end":{"line":44,"column":74}},"26":{"start":{"line":44,"column":15},"end":{"line":44,"column":74}},"27":{"start":{"line":46,"column":20},"end":{"line":46,"column":68}},"28":{"start":{"line":46,"column":46},"end":{"line":46,"column":67}},"29":{"start":{"line":47,"column":28},"end":{"line":49,"column":41}},"30":{"start":{"line":48,"column":24},"end":{"line":48,"column":43}},"31":{"start":{"line":49,"column":21},"end":{"line":49,"column":40}},"32":{"start":{"line":51,"column":18},"end":{"line":51,"column":66}},"33":{"start":{"line":52,"column":26},"end":{"line":52,"column":81}},"34":{"start":{"line":54,"column":4},"end":{"line":54,"column":35}},"35":{"start":{"line":56,"column":4},"end":{"line":56,"column":59}},"36":{"start":{"line":60,"column":0},"end":{"line":73,"column":2}},"37":{"start":{"line":61,"column":2},"end":{"line":72,"column":3}},"38":{"start":{"line":62,"column":31},"end":{"line":62,"column":41}},"39":{"start":{"line":63,"column":16},"end":{"line":63,"column":59}},"40":{"start":{"line":64,"column":4},"end":{"line":64,"column":81}},"41":{"start":{"line":64,"column":14},"end":{"line":64,"column":81}},"42":{"start":{"line":66,"column":4},"end":{"line":66,"column":27}},"43":{"start":{"line":67,"column":4},"end":{"line":67,"column":21}},"44":{"start":{"line":69,"column":4},"end":{"line":69,"column":82}},"45":{"start":{"line":71,"column":4},"end":{"line":71,"column":59}},"46":{"start":{"line":75,"column":0},"end":{"line":108,"column":2}},"47":{"start":{"line":76,"column":2},"end":{"line":107,"column":3}},"48":{"start":{"line":77,"column":21},"end":{"line":77,"column":46}},"49":{"start":{"line":78,"column":4},"end":{"line":78,"column":85}},"50":{"start":{"line":78,"column":19},"end":{"line":78,"column":85}},"51":{"start":{"line":80,"column":16},"end":{"line":80,"column":56}},"52":{"start":{"line":81,"column":4},"end":{"line":81,"column":76}},"53":{"start":{"line":81,"column":14},"end":{"line":81,"column":76}},"54":{"start":{"line":83,"column":17},"end":{"line":83,"column":49}},"55":{"start":{"line":84,"column":26},"end":{"line":86,"column":5}},"56":{"start":{"line":85,"column":16},"end":{"line":85,"column":94}},"57":{"start":{"line":88,"column":4},"end":{"line":90,"column":5}},"58":{"start":{"line":89,"column":6},"end":{"line":89,"column":92}},"59":{"start":{"line":92,"column":4},"end":{"line":95,"column":5}},"60":{"start":{"line":92,"column":40},"end":{"line":92,"column":75}},"61":{"start":{"line":93,"column":6},"end":{"line":93,"column":36}},"62":{"start":{"line":94,"column":6},"end":{"line":94,"column":23}},"63":{"start":{"line":97,"column":4},"end":{"line":97,"column":63}},"64":{"start":{"line":98,"column":4},"end":{"line":98,"column":22}},"65":{"start":{"line":100,"column":4},"end":{"line":104,"column":7}},"66":{"start":{"line":106,"column":4},"end":{"line":106,"column":59}}},"fnMap":{"0":{"name":"(anonymous_0)","decl":{"start":{"line":5,"column":29},"end":{"line":5,"column":30}},"loc":{"start":{"line":5,"column":49},"end":{"line":39,"column":1}},"line":5},"1":{"name":"(anonymous_1)","decl":{"start":{"line":23,"column":6},"end":{"line":23,"column":7}},"loc":{"start":{"line":23,"column":16},"end":{"line":23,"column":97}},"line":23},"2":{"name":"(anonymous_2)","decl":{"start":{"line":41,"column":29},"end":{"line":41,"column":30}},"loc":{"start":{"line":41,"column":49},"end":{"line":58,"column":1}},"line":41},"3":{"name":"(anonymous_3)","decl":{"start":{"line":46,"column":36},"end":{"line":46,"column":37}},"loc":{"start":{"line":46,"column":46},"end":{"line":46,"column":67}},"line":46},"4":{"name":"(anonymous_4)","decl":{"start":{"line":48,"column":14},"end":{"line":48,"column":15}},"loc":{"start":{"line":48,"column":24},"end":{"line":48,"column":43}},"line":48},"5":{"name":"(anonymous_5)","decl":{"start":{"line":49,"column":11},"end":{"line":49,"column":12}},"loc":{"start":{"line":49,"column":21},"end":{"line":49,"column":40}},"line":49},"6":{"name":"(anonymous_6)","decl":{"start":{"line":60,"column":27},"end":{"line":60,"column":28}},"loc":{"start":{"line":60,"column":47},"end":{"line":73,"column":1}},"line":60},"7":{"name":"(anonymous_7)","decl":{"start":{"line":75,"column":27},"end":{"line":75,"column":28}},"loc":{"start":{"line":75,"column":47},"end":{"line":108,"column":1}},"line":75},"8":{"name":"(anonymous_8)","decl":{"start":{"line":85,"column":6},"end":{"line":85,"column":7}},"loc":{"start":{"line":85,"column":16},"end":{"line":85,"column":94}},"line":85},"9":{"name":"(anonymous_9)","decl":{"start":{"line":92,"column":26},"end":{"line":92,"column":27}},"loc":{"start":{"line":92,"column":40},"end":{"line":92,"column":75}},"line":92}},"branchMap":{"0":{"loc":{"start":{"line":8,"column":4},"end":{"line":8,"column":89}},"type":"if","locations":[{"start":{"line":8,"column":4},"end":{"line":8,"column":89}},{"start":{},"end":{}}],"line":8},"1":{"loc":{"start":{"line":11,"column":4},"end":{"line":11,"column":95}},"type":"if","locations":[{"start":{"line":11,"column":4},"end":{"line":11,"column":95}},{"start":{},"end":{}}],"line":11},"2":{"loc":{"start":{"line":23,"column":16},"end":{"line":23,"column":97}},"type":"binary-expr","locations":[{"start":{"line":23,"column":16},"end":{"line":23,"column":39}},{"start":{"line":23,"column":43},"end":{"line":23,"column":97}}],"line":23},"3":{"loc":{"start":{"line":26,"column":4},"end":{"line":29,"column":5}},"type":"if","locations":[{"start":{"line":26,"column":4},"end":{"line":29,"column":5}},{"start":{},"end":{}}],"line":26},"4":{"loc":{"start":{"line":44,"column":4},"end":{"line":44,"column":74}},"type":"if","locations":[{"start":{"line":44,"column":4},"end":{"line":44,"column":74}},{"start":{},"end":{}}],"line":44},"5":{"loc":{"start":{"line":51,"column":18},"end":{"line":51,"column":66}},"type":"cond-expr","locations":[{"start":{"line":51,"column":28},"end":{"line":51,"column":30}},{"start":{"line":51,"column":33},"end":{"line":51,"column":66}}],"line":51},"6":{"loc":{"start":{"line":64,"column":4},"end":{"line":64,"column":81}},"type":"if","locations":[{"start":{"line":64,"column":4},"end":{"line":64,"column":81}},{"start":{},"end":{}}],"line":64},"7":{"loc":{"start":{"line":78,"column":4},"end":{"line":78,"column":85}},"type":"if","locations":[{"start":{"line":78,"column":4},"end":{"line":78,"column":85}},{"start":{},"end":{}}],"line":78},"8":{"loc":{"start":{"line":81,"column":4},"end":{"line":81,"column":76}},"type":"if","locations":[{"start":{"line":81,"column":4},"end":{"line":81,"column":76}},{"start":{},"end":{}}],"line":81},"9":{"loc":{"start":{"line":85,"column":16},"end":{"line":85,"column":94}},"type":"binary-expr","locations":[{"start":{"line":85,"column":16},"end":{"line":85,"column":36}},{"start":{"line":85,"column":40},"end":{"line":85,"column":94}}],"line":85},"10":{"loc":{"start":{"line":88,"column":4},"end":{"line":90,"column":5}},"type":"if","locations":[{"start":{"line":88,"column":4},"end":{"line":90,"column":5}},{"start":{},"end":{}}],"line":88},"11":{"loc":{"start":{"line":92,"column":4},"end":{"line":95,"column":5}},"type":"if","locations":[{"start":{"line":92,"column":4},"end":{"line":95,"column":5}},{"start":{},"end":{}}],"line":92}},"s":{"0":3,"1":3,"2":3,"3":3,"4":0,"5":0,"6":0,"7":0,"8":0,"9":0,"10":0,"11":0,"12":0,"13":0,"14":0,"15":0,"16":0,"17":0,"18":0,"19":0,"20":0,"21":0,"22":3,"23":0,"24":0,"25":0,"26":0,"27":0,"28":0,"29":0,"30":0,"31":0,"32":0,"33":0,"34":0,"35":0,"36":3,"37":0,"38":0,"39":0,"40":0,"41":0,"42":0,"43":0,"44":0,"45":0,"46":3,"47":0,"48":0,"49":0,"50":0,"51":0,"52":0,"53":0,"54":0,"55":0,"56":0,"57":0,"58":0,"59":0,"60":0,"61":0,"62":0,"63":0,"64":0,"65":0,"66":0},"f":{"0":0,"1":0,"2":0,"3":0,"4":0,"5":0,"6":0,"7":0,"8":0,"9":0},"b":{"0":[0,0],"1":[0,0],"2":[0,0],"3":[0,0],"4":[0,0],"5":[0,0],"6":[0,0],"7":[0,0],"8":[0,0],"9":[0,0],"10":[0,0],"11":[0,0]},"inputSourceMap":null,"_coverageSchema":"1a1c01bbd47fc00a2c39e90264f33305004495a9","hash":"33271a8482c34d964952361511cd157896851a54"}
,"/Users/amiledlamini/Desktop/pulsevote/pulsevote-backend/controllers/pollController.js": {"path":"/Users/amiledlamini/Desktop/pulsevote/pulsevote-backend/controllers/pollController.js","statementMap":{"0":{"start":{"line":1,"column":13},"end":{"line":1,"column":38}},"1":{"start":{"line":2,"column":21},"end":{"line":2,"column":54}},"2":{"start":{"line":3,"column":13},"end":{"line":3,"column":38}},"3":{"start":{"line":6,"column":2},"end":{"line":8,"column":4}},"4":{"start":{"line":7,"column":14},"end":{"line":7,"column":101}},"5":{"start":{"line":11,"column":0},"end":{"line":41,"column":2}},"6":{"start":{"line":12,"column":2},"end":{"line":40,"column":3}},"7":{"start":{"line":13,"column":31},"end":{"line":13,"column":39}},"8":{"start":{"line":14,"column":21},"end":{"line":14,"column":46}},"9":{"start":{"line":15,"column":20},"end":{"line":17,"column":10}},"10":{"start":{"line":16,"column":41},"end":{"line":16,"column":62}},"11":{"start":{"line":19,"column":4},"end":{"line":19,"column":89}},"12":{"start":{"line":19,"column":19},"end":{"line":19,"column":89}},"13":{"start":{"line":20,"column":4},"end":{"line":22,"column":5}},"14":{"start":{"line":21,"column":6},"end":{"line":21,"column":88}},"15":{"start":{"line":23,"column":4},"end":{"line":25,"column":5}},"16":{"start":{"line":23,"column":40},"end":{"line":23,"column":60}},"17":{"start":{"line":24,"column":6},"end":{"line":24,"column":78}},"18":{"start":{"line":27,"column":16},"end":{"line":27,"column":59}},"19":{"start":{"line":28,"column":4},"end":{"line":28,"column":81}},"20":{"start":{"line":28,"column":14},"end":{"line":28,"column":81}},"21":{"start":{"line":30,"column":17},"end":{"line":35,"column":6}},"22":{"start":{"line":37,"column":4},"end":{"line":37,"column":67}},"23":{"start":{"line":39,"column":4},"end":{"line":39,"column":59}},"24":{"start":{"line":43,"column":0},"end":{"line":71,"column":2}},"25":{"start":{"line":44,"column":2},"end":{"line":70,"column":3}},"26":{"start":{"line":45,"column":23},"end":{"line":45,"column":33}},"27":{"start":{"line":46,"column":28},"end":{"line":46,"column":36}},"28":{"start":{"line":48,"column":17},"end":{"line":48,"column":44}},"29":{"start":{"line":49,"column":4},"end":{"line":49,"column":74}},"30":{"start":{"line":49,"column":15},"end":{"line":49,"column":74}},"31":{"start":{"line":50,"column":4},"end":{"line":50,"column":91}},"32":{"start":{"line":50,"column":32},"end":{"line":50,"column":91}},"33":{"start":{"line":52,"column":17},"end":{"line":52,"column":56}},"34":{"start":{"line":53,"column":4},"end":{"line":55,"column":5}},"35":{"start":{"line":54,"column":6},"end":{"line":54,"column":96}},"36":{"start":{"line":57,"column":4},"end":{"line":59,"column":5}},"37":{"start":{"line":58,"column":6},"end":{"line":58,"column":70}},"38":{"start":{"line":61,"column":25},"end":{"line":61,"column":90}},"39":{"start":{"line":61,"column":51},"end":{"line":61,"column":89}},"40":{"start":{"line":62,"column":4},"end":{"line":62,"column":89}},"41":{"start":{"line":62,"column":22},"end":{"line":62,"column":89}},"42":{"start":{"line":64,"column":4},"end":{"line":64,"column":58}},"43":{"start":{"line":65,"column":4},"end":{"line":65,"column":22}},"44":{"start":{"line":67,"column":4},"end":{"line":67,"column":56}},"45":{"start":{"line":69,"column":4},"end":{"line":69,"column":59}},"46":{"start":{"line":73,"column":0},"end":{"line":120,"column":2}},"47":{"start":{"line":74,"column":2},"end":{"line":119,"column":3}},"48":{"start":{"line":75,"column":23},"end":{"line":75,"column":33}},"49":{"start":{"line":76,"column":17},"end":{"line":76,"column":51}},"50":{"start":{"line":77,"column":4},"end":{"line":77,"column":74}},"51":{"start":{"line":77,"column":15},"end":{"line":77,"column":74}},"52":{"start":{"line":79,"column":17},"end":{"line":79,"column":56}},"53":{"start":{"line":80,"column":20},"end":{"line":80,"column":68}},"54":{"start":{"line":80,"column":46},"end":{"line":80,"column":67}},"55":{"start":{"line":81,"column":21},"end":{"line":83,"column":5}},"56":{"start":{"line":82,"column":16},"end":{"line":82,"column":82}},"57":{"start":{"line":85,"column":4},"end":{"line":87,"column":5}},"58":{"start":{"line":86,"column":6},"end":{"line":86,"column":84}},"59":{"start":{"line":89,"column":19},"end":{"line":89,"column":53}},"60":{"start":{"line":90,"column":4},"end":{"line":94,"column":5}},"61":{"start":{"line":91,"column":6},"end":{"line":93,"column":7}},"62":{"start":{"line":92,"column":8},"end":{"line":92,"column":38}},"63":{"start":{"line":96,"column":23},"end":{"line":96,"column":68}},"64":{"start":{"line":96,"column":53},"end":{"line":96,"column":64}},"65":{"start":{"line":97,"column":24},"end":{"line":99,"column":5}},"66":{"start":{"line":98,"column":6},"end":{"line":98,"column":70}},"67":{"start":{"line":100,"column":21},"end":{"line":100,"column":88}},"68":{"start":{"line":100,"column":48},"end":{"line":100,"column":87}},"69":{"start":{"line":102,"column":4},"end":{"line":116,"column":7}},"70":{"start":{"line":118,"column":4},"end":{"line":118,"column":59}},"71":{"start":{"line":122,"column":0},"end":{"line":140,"column":2}},"72":{"start":{"line":123,"column":2},"end":{"line":139,"column":3}},"73":{"start":{"line":124,"column":31},"end":{"line":124,"column":41}},"74":{"start":{"line":125,"column":17},"end":{"line":125,"column":56}},"75":{"start":{"line":126,"column":20},"end":{"line":126,"column":68}},"76":{"start":{"line":126,"column":46},"end":{"line":126,"column":67}},"77":{"start":{"line":127,"column":21},"end":{"line":129,"column":5}},"78":{"start":{"line":128,"column":16},"end":{"line":128,"column":66}},"79":{"start":{"line":131,"column":4},"end":{"line":133,"column":5}},"80":{"start":{"line":132,"column":6},"end":{"line":132,"column":84}},"81":{"start":{"line":135,"column":18},"end":{"line":135,"column":71}},"82":{"start":{"line":136,"column":4},"end":{"line":136,"column":27}},"83":{"start":{"line":138,"column":4},"end":{"line":138,"column":59}},"84":{"start":{"line":143,"column":2},"end":{"line":160,"column":3}},"85":{"start":{"line":144,"column":17},"end":{"line":144,"column":55}},"86":{"start":{"line":145,"column":4},"end":{"line":145,"column":74}},"87":{"start":{"line":145,"column":15},"end":{"line":145,"column":74}},"88":{"start":{"line":147,"column":17},"end":{"line":147,"column":56}},"89":{"start":{"line":148,"column":20},"end":{"line":148,"column":68}},"90":{"start":{"line":148,"column":46},"end":{"line":148,"column":67}},"91":{"start":{"line":149,"column":22},"end":{"line":149,"column":79}},"92":{"start":{"line":151,"column":4},"end":{"line":153,"column":5}},"93":{"start":{"line":152,"column":6},"end":{"line":152,"column":85}},"94":{"start":{"line":155,"column":4},"end":{"line":155,"column":25}},"95":{"start":{"line":156,"column":4},"end":{"line":156,"column":22}},"96":{"start":{"line":157,"column":4},"end":{"line":157,"column":57}},"97":{"start":{"line":159,"column":4},"end":{"line":159,"column":59}},"98":{"start":{"line":163,"column":0},"end":{"line":163,"column":68}},"99":{"start":{"line":163,"column":34},"end":{"line":163,"column":67}},"100":{"start":{"line":164,"column":0},"end":{"line":164,"column":65}},"101":{"start":{"line":164,"column":33},"end":{"line":164,"column":64}}},"fnMap":{"0":{"name":"hasOrganisationRole","decl":{"start":{"line":5,"column":9},"end":{"line":5,"column":28}},"loc":{"start":{"line":5,"column":61},"end":{"line":9,"column":1}},"line":5},"1":{"name":"(anonymous_1)","decl":{"start":{"line":7,"column":4},"end":{"line":7,"column":5}},"loc":{"start":{"line":7,"column":14},"end":{"line":7,"column":101}},"line":7},"2":{"name":"(anonymous_2)","decl":{"start":{"line":11,"column":21},"end":{"line":11,"column":22}},"loc":{"start":{"line":11,"column":41},"end":{"line":41,"column":1}},"line":11},"3":{"name":"(anonymous_3)","decl":{"start":{"line":16,"column":29},"end":{"line":16,"column":30}},"loc":{"start":{"line":16,"column":41},"end":{"line":16,"column":62}},"line":16},"4":{"name":"(anonymous_4)","decl":{"start":{"line":23,"column":28},"end":{"line":23,"column":29}},"loc":{"start":{"line":23,"column":40},"end":{"line":23,"column":60}},"line":23},"5":{"name":"(anonymous_5)","decl":{"start":{"line":43,"column":19},"end":{"line":43,"column":20}},"loc":{"start":{"line":43,"column":39},"end":{"line":71,"column":1}},"line":43},"6":{"name":"(anonymous_6)","decl":{"start":{"line":61,"column":41},"end":{"line":61,"column":42}},"loc":{"start":{"line":61,"column":51},"end":{"line":61,"column":89}},"line":61},"7":{"name":"(anonymous_7)","decl":{"start":{"line":73,"column":25},"end":{"line":73,"column":26}},"loc":{"start":{"line":73,"column":45},"end":{"line":120,"column":1}},"line":73},"8":{"name":"(anonymous_8)","decl":{"start":{"line":80,"column":36},"end":{"line":80,"column":37}},"loc":{"start":{"line":80,"column":46},"end":{"line":80,"column":67}},"line":80},"9":{"name":"(anonymous_9)","decl":{"start":{"line":82,"column":6},"end":{"line":82,"column":7}},"loc":{"start":{"line":82,"column":16},"end":{"line":82,"column":82}},"line":82},"10":{"name":"(anonymous_10)","decl":{"start":{"line":96,"column":37},"end":{"line":96,"column":38}},"loc":{"start":{"line":96,"column":53},"end":{"line":96,"column":64}},"line":96},"11":{"name":"(anonymous_11)","decl":{"start":{"line":97,"column":35},"end":{"line":97,"column":36}},"loc":{"start":{"line":98,"column":6},"end":{"line":98,"column":70}},"line":98},"12":{"name":"(anonymous_12)","decl":{"start":{"line":100,"column":38},"end":{"line":100,"column":39}},"loc":{"start":{"line":100,"column":48},"end":{"line":100,"column":87}},"line":100},"13":{"name":"(anonymous_13)","decl":{"start":{"line":122,"column":22},"end":{"line":122,"column":23}},"loc":{"start":{"line":122,"column":42},"end":{"line":140,"column":1}},"line":122},"14":{"name":"(anonymous_14)","decl":{"start":{"line":126,"column":36},"end":{"line":126,"column":37}},"loc":{"start":{"line":126,"column":46},"end":{"line":126,"column":67}},"line":126},"15":{"name":"(anonymous_15)","decl":{"start":{"line":128,"column":6},"end":{"line":128,"column":7}},"loc":{"start":{"line":128,"column":16},"end":{"line":128,"column":66}},"line":128},"16":{"name":"setPollStatus","decl":{"start":{"line":142,"column":15},"end":{"line":142,"column":28}},"loc":{"start":{"line":142,"column":47},"end":{"line":161,"column":1}},"line":142},"17":{"name":"(anonymous_17)","decl":{"start":{"line":148,"column":36},"end":{"line":148,"column":37}},"loc":{"start":{"line":148,"column":46},"end":{"line":148,"column":67}},"line":148},"18":{"name":"(anonymous_18)","decl":{"start":{"line":163,"column":20},"end":{"line":163,"column":21}},"loc":{"start":{"line":163,"column":34},"end":{"line":163,"column":67}},"line":163},"19":{"name":"(anonymous_19)","decl":{"start":{"line":164,"column":19},"end":{"line":164,"column":20}},"loc":{"start":{"line":164,"column":33},"end":{"line":164,"column":64}},"line":164}},"branchMap":{"0":{"loc":{"start":{"line":7,"column":14},"end":{"line":7,"column":101}},"type":"binary-expr","locations":[{"start":{"line":7,"column":14},"end":{"line":7,"column":36}},{"start":{"line":7,"column":40},"end":{"line":7,"column":101}}],"line":7},"1":{"loc":{"start":{"line":15,"column":20},"end":{"line":17,"column":10}},"type":"cond-expr","locations":[{"start":{"line":16,"column":8},"end":{"line":16,"column":79}},{"start":{"line":17,"column":8},"end":{"line":17,"column":10}}],"line":15},"2":{"loc":{"start":{"line":19,"column":4},"end":{"line":19,"column":89}},"type":"if","locations":[{"start":{"line":19,"column":4},"end":{"line":19,"column":89}},{"start":{},"end":{}}],"line":19},"3":{"loc":{"start":{"line":20,"column":4},"end":{"line":22,"column":5}},"type":"if","locations":[{"start":{"line":20,"column":4},"end":{"line":22,"column":5}},{"start":{},"end":{}}],"line":20},"4":{"loc":{"start":{"line":23,"column":4},"end":{"line":25,"column":5}},"type":"if","locations":[{"start":{"line":23,"column":4},"end":{"line":25,"column":5}},{"start":{},"end":{}}],"line":23},"5":{"loc":{"start":{"line":28,"column":4},"end":{"line":28,"column":81}},"type":"if","locations":[{"start":{"line":28,"column":4},"end":{"line":28,"column":81}},{"start":{},"end":{}}],"line":28},"6":{"loc":{"start":{"line":49,"column":4},"end":{"line":49,"column":74}},"type":"if","locations":[{"start":{"line":49,"column":4},"end":{"line":49,"column":74}},{"start":{},"end":{}}],"line":49},"7":{"loc":{"start":{"line":50,"column":4},"end":{"line":50,"column":91}},"type":"if","locations":[{"start":{"line":50,"column":4},"end":{"line":50,"column":91}},{"start":{},"end":{}}],"line":50},"8":{"loc":{"start":{"line":53,"column":4},"end":{"line":55,"column":5}},"type":"if","locations":[{"start":{"line":53,"column":4},"end":{"line":55,"column":5}},{"start":{},"end":{}}],"line":53},"9":{"loc":{"start":{"line":57,"column":4},"end":{"line":59,"column":5}},"type":"if","locations":[{"start":{"line":57,"column":4},"end":{"line":59,"column":5}},{"start":{},"end":{}}],"line":57},"10":{"loc":{"start":{"line":57,"column":8},"end":{"line":57,"column":95}},"type":"binary-expr","locations":[{"start":{"line":57,"column":8},"end":{"line":57,"column":38}},{"start":{"line":57,"column":42},"end":{"line":57,"column":57}},{"start":{"line":57,"column":61},"end":{"line":57,"column":95}}],"line":57},"11":{"loc":{"start":{"line":62,"column":4},"end":{"line":62,"column":89}},"type":"if","locations":[{"start":{"line":62,"column":4},"end":{"line":62,"column":89}},{"start":{},"end":{}}],"line":62},"12":{"loc":{"start":{"line":77,"column":4},"end":{"line":77,"column":74}},"type":"if","locations":[{"start":{"line":77,"column":4},"end":{"line":77,"column":74}},{"start":{},"end":{}}],"line":77},"13":{"loc":{"start":{"line":85,"column":4},"end":{"line":87,"column":5}},"type":"if","locations":[{"start":{"line":85,"column":4},"end":{"line":87,"column":5}},{"start":{},"end":{}}],"line":85},"14":{"loc":{"start":{"line":85,"column":8},"end":{"line":85,"column":29}},"type":"binary-expr","locations":[{"start":{"line":85,"column":8},"end":{"line":85,"column":16}},{"start":{"line":85,"column":20},"end":{"line":85,"column":29}}],"line":85},"15":{"loc":{"start":{"line":90,"column":23},"end":{"line":90,"column":39}},"type":"binary-expr","locations":[{"start":{"line":90,"column":23},"end":{"line":90,"column":33}},{"start":{"line":90,"column":37},"end":{"line":90,"column":39}}],"line":90},"16":{"loc":{"start":{"line":91,"column":6},"end":{"line":93,"column":7}},"type":"if","locations":[{"start":{"line":91,"column":6},"end":{"line":93,"column":7}},{"start":{},"end":{}}],"line":91},"17":{"loc":{"start":{"line":91,"column":10},"end":{"line":91,"column":105}},"type":"binary-expr","locations":[{"start":{"line":91,"column":10},"end":{"line":91,"column":44}},{"start":{"line":91,"column":48},"end":{"line":91,"column":69}},{"start":{"line":91,"column":73},"end":{"line":91,"column":105}}],"line":91},"18":{"loc":{"start":{"line":98,"column":6},"end":{"line":98,"column":70}},"type":"cond-expr","locations":[{"start":{"line":98,"column":19},"end":{"line":98,"column":66}},{"start":{"line":98,"column":69},"end":{"line":98,"column":70}}],"line":98},"19":{"loc":{"start":{"line":114,"column":23},"end":{"line":114,"column":61}},"type":"cond-expr","locations":[{"start":{"line":114,"column":34},"end":{"line":114,"column":54}},{"start":{"line":114,"column":57},"end":{"line":114,"column":61}}],"line":114},"20":{"loc":{"start":{"line":131,"column":4},"end":{"line":133,"column":5}},"type":"if","locations":[{"start":{"line":131,"column":4},"end":{"line":133,"column":5}},{"start":{},"end":{}}],"line":131},"21":{"loc":{"start":{"line":131,"column":8},"end":{"line":131,"column":29}},"type":"binary-expr","locations":[{"start":{"line":131,"column":8},"end":{"line":131,"column":16}},{"start":{"line":131,"column":20},"end":{"line":131,"column":29}}],"line":131},"22":{"loc":{"start":{"line":145,"column":4},"end":{"line":145,"column":74}},"type":"if","locations":[{"start":{"line":145,"column":4},"end":{"line":145,"column":74}},{"start":{},"end":{}}],"line":145},"23":{"loc":{"start":{"line":151,"column":4},"end":{"line":153,"column":5}},"type":"if","locations":[{"start":{"line":151,"column":4},"end":{"line":153,"column":5}},{"start":{},"end":{}}],"line":151},"24":{"loc":{"start":{"line":151,"column":8},"end":{"line":151,"column":30}},"type":"binary-expr","locations":[{"start":{"line":151,"column":8},"end":{"line":151,"column":16}},{"start":{"line":151,"column":20},"end":{"line":151,"column":30}}],"line":151}},"s":{"0":3,"1":3,"2":3,"3":0,"4":0,"5":3,"6":0,"7":0,"8":0,"9":0,"10":0,"11":0,"12":0,"13":0,"14":0,"15":0,"16":0,"17":0,"18":0,"19":0,"20":0,"21":0,"22":0,"23":0,"24":3,"25":0,"26":0,"27":0,"28":0,"29":0,"30":0,"31":0,"32":0,"33":0,"34":0,"35":0,"36":0,"37":0,"38":0,"39":0,"40":0,"41":0,"42":0,"43":0,"44":0,"45":0,"46":3,"47":0,"48":0,"49":0,"50":0,"51":0,"52":0,"53":0,"54":0,"55":0,"56":0,"57":0,"58":0,"59":0,"60":0,"61":0,"62":0,"63":0,"64":0,"65":0,"66":0,"67":0,"68":0,"69":0,"70":0,"71":3,"72":0,"73":0,"74":0,"75":0,"76":0,"77":0,"78":0,"79":0,"80":0,"81":0,"82":0,"83":0,"84":0,"85":0,"86":0,"87":0,"88":0,"89":0,"90":0,"91":0,"92":0,"93":0,"94":0,"95":0,"96":0,"97":0,"98":3,"99":0,"100":3,"101":0},"f":{"0":0,"1":0,"2":0,"3":0,"4":0,"5":0,"6":0,"7":0,"8":0,"9":0,"10":0,"11":0,"12":0,"13":0,"14":0,"15":0,"16":0,"17":0,"18":0,"19":0},"b":{"0":[0,0],"1":[0,0],"2":[0,0],"3":[0,0],"4":[0,0],"5":[0,0],"6":[0,0],"7":[0,0],"8":[0,0],"9":[0,0],"10":[0,0,0],"11":[0,0],"12":[0,0],"13":[0,0],"14":[0,0],"15":[0,0],"16":[0,0],"17":[0,0,0],"18":[0,0],"19":[0,0],"20":[0,0],"21":[0,0],"22":[0,0],"23":[0,0],"24":[0,0]},"_coverageSchema":"1a1c01bbd47fc00a2c39e90264f33305004495a9","hash":"8f5179e82afcd35942a83567faeb3ccd88fe4217"}
,"/Users/amiledlamini/Desktop/pulsevote/pulsevote-backend/middleware/authMiddleware.js": {"path":"/Users/amiledlamini/Desktop/pulsevote/pulsevote-backend/middleware/authMiddleware.js","statementMap":{"0":{"start":{"line":1,"column":12},"end":{"line":1,"column":35}},"1":{"start":{"line":3,"column":16},"end":{"line":16,"column":1}},"2":{"start":{"line":4,"column":21},"end":{"line":4,"column":46}},"3":{"start":{"line":5,"column":2},"end":{"line":6,"column":61}},"4":{"start":{"line":6,"column":4},"end":{"line":6,"column":61}},"5":{"start":{"line":8,"column":16},"end":{"line":8,"column":40}},"6":{"start":{"line":9,"column":2},"end":{"line":15,"column":3}},"7":{"start":{"line":10,"column":20},"end":{"line":10,"column":61}},"8":{"start":{"line":11,"column":4},"end":{"line":11,"column":23}},"9":{"start":{"line":12,"column":4},"end":{"line":12,"column":11}},"10":{"start":{"line":14,"column":4},"end":{"line":14,"column":66}},"11":{"start":{"line":18,"column":0},"end":{"line":18,"column":29}}},"fnMap":{"0":{"name":"(anonymous_0)","decl":{"start":{"line":3,"column":16},"end":{"line":3,"column":17}},"loc":{"start":{"line":3,"column":36},"end":{"line":16,"column":1}},"line":3}},"branchMap":{"0":{"loc":{"start":{"line":5,"column":2},"end":{"line":6,"column":61}},"type":"if","locations":[{"start":{"line":5,"column":2},"end":{"line":6,"column":61}},{"start":{},"end":{}}],"line":5},"1":{"loc":{"start":{"line":5,"column":6},"end":{"line":5,"column":54}},"type":"binary-expr","locations":[{"start":{"line":5,"column":6},"end":{"line":5,"column":17}},{"start":{"line":5,"column":21},"end":{"line":5,"column":54}}],"line":5}},"s":{"0":3,"1":3,"2":3,"3":3,"4":2,"5":1,"6":1,"7":1,"8":0,"9":0,"10":1,"11":3},"f":{"0":3},"b":{"0":[2,1],"1":[3,1]},"_coverageSchema":"1a1c01bbd47fc00a2c39e90264f33305004495a9","hash":"ae265d9095159052e008a49a1a44ccff4e5e5c2e"}
,"/Users/amiledlamini/Desktop/pulsevote/pulsevote-backend/middleware/rateLimiter.js": {"path":"/Users/amiledlamini/Desktop/pulsevote/pulsevote-backend/middleware/rateLimiter.js","statementMap":{"0":{"start":{"line":1,"column":38},"end":{"line":1,"column":67}},"1":{"start":{"line":3,"column":16},"end":{"line":10,"column":1}},"2":{"start":{"line":4,"column":2},"end":{"line":9,"column":4}},"3":{"start":{"line":12,"column":24},"end":{"line":23,"column":2}},"4":{"start":{"line":19,"column":4},"end":{"line":21,"column":7}},"5":{"start":{"line":25,"column":21},"end":{"line":41,"column":2}},"6":{"start":{"line":32,"column":18},"end":{"line":32,"column":39}},"7":{"start":{"line":34,"column":4},"end":{"line":34,"column":38}},"8":{"start":{"line":37,"column":4},"end":{"line":39,"column":7}},"9":{"start":{"line":43,"column":0},"end":{"line":43,"column":51}}},"fnMap":{"0":{"name":"(anonymous_0)","decl":{"start":{"line":3,"column":16},"end":{"line":3,"column":17}},"loc":{"start":{"line":3,"column":25},"end":{"line":10,"column":1}},"line":3},"1":{"name":"(anonymous_1)","decl":{"start":{"line":18,"column":11},"end":{"line":18,"column":12}},"loc":{"start":{"line":18,"column":25},"end":{"line":22,"column":3}},"line":18},"2":{"name":"(anonymous_2)","decl":{"start":{"line":31,"column":16},"end":{"line":31,"column":17}},"loc":{"start":{"line":31,"column":25},"end":{"line":35,"column":3}},"line":31},"3":{"name":"(anonymous_3)","decl":{"start":{"line":36,"column":11},"end":{"line":36,"column":12}},"loc":{"start":{"line":36,"column":25},"end":{"line":40,"column":3}},"line":36}},"branchMap":{"0":{"loc":{"start":{"line":5,"column":4},"end":{"line":8,"column":13}},"type":"binary-expr","locations":[{"start":{"line":5,"column":4},"end":{"line":5,"column":10}},{"start":{"line":6,"column":4},"end":{"line":6,"column":57}},{"start":{"line":7,"column":4},"end":{"line":7,"column":33}},{"start":{"line":8,"column":4},"end":{"line":8,"column":13}}],"line":5},"1":{"loc":{"start":{"line":32,"column":18},"end":{"line":32,"column":39}},"type":"binary-expr","locations":[{"start":{"line":32,"column":18},"end":{"line":32,"column":33}},{"start":{"line":32,"column":37},"end":{"line":32,"column":39}}],"line":32}},"s":{"0":3,"1":3,"2":5,"3":3,"4":0,"5":3,"6":2,"7":2,"8":0,"9":3},"f":{"0":5,"1":0,"2":2,"3":0},"b":{"0":[5,0,0,0],"1":[2,0]},"_coverageSchema":"1a1c01bbd47fc00a2c39e90264f33305004495a9","hash":"42ce50be88c82c68644fbaaa86a8383e850b5db3"}
,"/Users/amiledlamini/Desktop/pulsevote/pulsevote-backend/middleware/roleMiddleware.js": {"path":"/Users/amiledlamini/Desktop/pulsevote/pulsevote-backend/middleware/roleMiddleware.js","statementMap":{"0":{"start":{"line":1,"column":13},"end":{"line":1,"column":38}},"1":{"start":{"line":3,"column":20},"end":{"line":30,"column":1}},"2":{"start":{"line":4,"column":0},"end":{"line":29,"column":2}},"3":{"start":{"line":5,"column":4},"end":{"line":28,"column":5}},"4":{"start":{"line":6,"column":17},"end":{"line":6,"column":49}},"5":{"start":{"line":7,"column":4},"end":{"line":7,"column":74}},"6":{"start":{"line":7,"column":15},"end":{"line":7,"column":74}},"7":{"start":{"line":9,"column":4},"end":{"line":13,"column":5}},"8":{"start":{"line":10,"column":24},"end":{"line":10,"column":64}},"9":{"start":{"line":10,"column":45},"end":{"line":10,"column":63}},"10":{"start":{"line":11,"column":8},"end":{"line":11,"column":76}},"11":{"start":{"line":11,"column":22},"end":{"line":11,"column":76}},"12":{"start":{"line":12,"column":8},"end":{"line":12,"column":22}},"13":{"start":{"line":15,"column":18},"end":{"line":15,"column":70}},"14":{"start":{"line":17,"column":20},"end":{"line":19,"column":5}},"15":{"start":{"line":18,"column":8},"end":{"line":18,"column":77}},"16":{"start":{"line":21,"column":4},"end":{"line":23,"column":5}},"17":{"start":{"line":21,"column":42},"end":{"line":21,"column":60}},"18":{"start":{"line":22,"column":8},"end":{"line":22,"column":62}},"19":{"start":{"line":25,"column":4},"end":{"line":25,"column":11}},"20":{"start":{"line":27,"column":4},"end":{"line":27,"column":51}},"21":{"start":{"line":32,"column":0},"end":{"line":32,"column":33}}},"fnMap":{"0":{"name":"(anonymous_0)","decl":{"start":{"line":3,"column":20},"end":{"line":3,"column":21}},"loc":{"start":{"line":3,"column":30},"end":{"line":30,"column":1}},"line":3},"1":{"name":"(anonymous_1)","decl":{"start":{"line":4,"column":7},"end":{"line":4,"column":8}},"loc":{"start":{"line":4,"column":33},"end":{"line":29,"column":1}},"line":4},"2":{"name":"(anonymous_2)","decl":{"start":{"line":10,"column":40},"end":{"line":10,"column":41}},"loc":{"start":{"line":10,"column":45},"end":{"line":10,"column":63}},"line":10},"3":{"name":"(anonymous_3)","decl":{"start":{"line":17,"column":36},"end":{"line":17,"column":37}},"loc":{"start":{"line":18,"column":8},"end":{"line":18,"column":77}},"line":18},"4":{"name":"(anonymous_4)","decl":{"start":{"line":21,"column":37},"end":{"line":21,"column":38}},"loc":{"start":{"line":21,"column":42},"end":{"line":21,"column":60}},"line":21}},"branchMap":{"0":{"loc":{"start":{"line":7,"column":4},"end":{"line":7,"column":74}},"type":"if","locations":[{"start":{"line":7,"column":4},"end":{"line":7,"column":74}},{"start":{},"end":{}}],"line":7},"1":{"loc":{"start":{"line":9,"column":4},"end":{"line":13,"column":5}},"type":"if","locations":[{"start":{"line":9,"column":4},"end":{"line":13,"column":5}},{"start":{},"end":{}}],"line":9},"2":{"loc":{"start":{"line":11,"column":8},"end":{"line":11,"column":76}},"type":"if","locations":[{"start":{"line":11,"column":8},"end":{"line":11,"column":76}},{"start":{},"end":{}}],"line":11},"3":{"loc":{"start":{"line":15,"column":18},"end":{"line":15,"column":70}},"type":"binary-expr","locations":[{"start":{"line":15,"column":18},"end":{"line":15,"column":43}},{"start":{"line":15,"column":47},"end":{"line":15,"column":70}}],"line":15},"4":{"loc":{"start":{"line":18,"column":8},"end":{"line":18,"column":77}},"type":"binary-expr","locations":[{"start":{"line":18,"column":8},"end":{"line":18,"column":23}},{"start":{"line":18,"column":28},"end":{"line":18,"column":34}},{"start":{"line":18,"column":38},"end":{"line":18,"column":76}}],"line":18},"5":{"loc":{"start":{"line":21,"column":4},"end":{"line":23,"column":5}},"type":"if","locations":[{"start":{"line":21,"column":4},"end":{"line":23,"column":5}},{"start":{},"end":{}}],"line":21},"6":{"loc":{"start":{"line":21,"column":8},"end":{"line":21,"column":61}},"type":"binary-expr","locations":[{"start":{"line":21,"column":8},"end":{"line":21,"column":16}},{"start":{"line":21,"column":20},"end":{"line":21,"column":61}}],"line":21}},"s":{"0":3,"1":3,"2":15,"3":0,"4":0,"5":0,"6":0,"7":0,"8":0,"9":0,"10":0,"11":0,"12":0,"13":0,"14":0,"15":0,"16":0,"17":0,"18":0,"19":0,"20":0,"21":3},"f":{"0":15,"1":0,"2":0,"3":0,"4":0},"b":{"0":[0,0],"1":[0,0],"2":[0,0],"3":[0,0],"4":[0,0,0],"5":[0,0],"6":[0,0]},"_coverageSchema":"1a1c01bbd47fc00a2c39e90264f33305004495a9","hash":"5cda43c7d87144a6f4d1ce9e5ab2f4a50689ccfc"}
,"/Users/amiledlamini/Desktop/pulsevote/pulsevote-backend/models/Organisation.js": {"path":"/Users/amiledlamini/Desktop/pulsevote/pulsevote-backend/models/Organisation.js","statementMap":{"0":{"start":{"line":1,"column":17},"end":{"line":1,"column":36}},"1":{"start":{"line":2,"column":15},"end":{"line":2,"column":32}},"2":{"start":{"line":4,"column":27},"end":{"line":9,"column":2}},"3":{"start":{"line":11,"column":0},"end":{"line":14,"column":2}},"4":{"start":{"line":12,"column":0},"end":{"line":12,"column":54}},"5":{"start":{"line":13,"column":0},"end":{"line":13,"column":21}},"6":{"start":{"line":16,"column":0},"end":{"line":16,"column":68}}},"fnMap":{"0":{"name":"(anonymous_0)","decl":{"start":{"line":11,"column":46},"end":{"line":11,"column":47}},"loc":{"start":{"line":11,"column":58},"end":{"line":14,"column":1}},"line":11}},"branchMap":{},"s":{"0":3,"1":3,"2":3,"3":3,"4":0,"5":0,"6":3},"f":{"0":0},"b":{},"_coverageSchema":"1a1c01bbd47fc00a2c39e90264f33305004495a9","hash":"40b9912cc6a8be9a6e4dae03ede1cdc4bdcdf924"}
,"/Users/amiledlamini/Desktop/pulsevote/pulsevote-backend/models/Poll.js": {"path":"/Users/amiledlamini/Desktop/pulsevote/pulsevote-backend/models/Poll.js","statementMap":{"0":{"start":{"line":1,"column":17},"end":{"line":1,"column":36}},"1":{"start":{"line":3,"column":19},"end":{"line":6,"column":18}},"2":{"start":{"line":8,"column":19},"end":{"line":15,"column":2}},"3":{"start":{"line":17,"column":0},"end":{"line":17,"column":40}},"4":{"start":{"line":19,"column":0},"end":{"line":19,"column":52}}},"fnMap":{},"branchMap":{},"s":{"0":3,"1":3,"2":3,"3":3,"4":3},"f":{},"b":{},"_coverageSchema":"1a1c01bbd47fc00a2c39e90264f33305004495a9","hash":"cfe9deb3d344c946228fae995ddae83f4cee5138"}
,"/Users/amiledlamini/Desktop/pulsevote/pulsevote-backend/models/User.js": {"path":"/Users/amiledlamini/Desktop/pulsevote/pulsevote-backend/models/User.js","statementMap":{"0":{"start":{"line":1,"column":17},"end":{"line":1,"column":36}},"1":{"start":{"line":2,"column":15},"end":{"line":2,"column":32}},"2":{"start":{"line":5,"column":19},"end":{"line":18,"column":1}},"3":{"start":{"line":21,"column":19},"end":{"line":32,"column":2}},"4":{"start":{"line":35,"column":0},"end":{"line":40,"column":3}},"5":{"start":{"line":36,"column":2},"end":{"line":36,"column":43}},"6":{"start":{"line":36,"column":36},"end":{"line":36,"column":43}},"7":{"start":{"line":38,"column":15},"end":{"line":38,"column":39}},"8":{"start":{"line":39,"column":2},"end":{"line":39,"column":57}},"9":{"start":{"line":43,"column":0},"end":{"line":45,"column":2}},"10":{"start":{"line":44,"column":2},"end":{"line":44,"column":58}},"11":{"start":{"line":47,"column":0},"end":{"line":47,"column":52}}},"fnMap":{"0":{"name":"(anonymous_0)","decl":{"start":{"line":35,"column":23},"end":{"line":35,"column":24}},"loc":{"start":{"line":35,"column":41},"end":{"line":40,"column":1}},"line":35},"1":{"name":"(anonymous_1)","decl":{"start":{"line":43,"column":37},"end":{"line":43,"column":38}},"loc":{"start":{"line":43,"column":66},"end":{"line":45,"column":1}},"line":43}},"branchMap":{"0":{"loc":{"start":{"line":36,"column":2},"end":{"line":36,"column":43}},"type":"if","locations":[{"start":{"line":36,"column":2},"end":{"line":36,"column":43}},{"start":{},"end":{}}],"line":36}},"s":{"0":3,"1":3,"2":3,"3":3,"4":3,"5":0,"6":0,"7":0,"8":0,"9":3,"10":0,"11":3},"f":{"0":0,"1":0},"b":{"0":[0,0]},"_coverageSchema":"1a1c01bbd47fc00a2c39e90264f33305004495a9","hash":"3e340112f995a9b225a6130c9cd771585fdfd3b9"}
,"/Users/amiledlamini/Desktop/pulsevote/pulsevote-backend/routes/authRoutes.js": {"path":"/Users/amiledlamini/Desktop/pulsevote/pulsevote-backend/routes/authRoutes.js","statementMap":{"0":{"start":{"line":1,"column":0},"end":{"line":1,"column":37}},"1":{"start":{"line":2,"column":16},"end":{"line":2,"column":34}},"2":{"start":{"line":4,"column":0},"end":{"line":4,"column":45}},"3":{"start":{"line":7,"column":17},"end":{"line":7,"column":45}},"4":{"start":{"line":9,"column":0},"end":{"line":9,"column":37}},"5":{"start":{"line":10,"column":15},"end":{"line":10,"column":31}},"6":{"start":{"line":12,"column":42},"end":{"line":12,"column":78}},"7":{"start":{"line":14,"column":23},"end":{"line":17,"column":21}},"8":{"start":{"line":19,"column":26},"end":{"line":27,"column":11}},"9":{"start":{"line":29,"column":20},"end":{"line":29,"column":59}},"10":{"start":{"line":31,"column":64},"end":{"line":31,"column":104}},"11":{"start":{"line":33,"column":24},"end":{"line":33,"column":66}},"12":{"start":{"line":35,"column":0},"end":{"line":35,"column":98}},"13":{"start":{"line":36,"column":0},"end":{"line":36,"column":135}},"14":{"start":{"line":37,"column":0},"end":{"line":37,"column":100}},"15":{"start":{"line":39,"column":0},"end":{"line":39,"column":106}},"16":{"start":{"line":42,"column":0},"end":{"line":42,"column":35}},"17":{"start":{"line":44,"column":0},"end":{"line":44,"column":24}}},"fnMap":{},"branchMap":{},"s":{"0":3,"1":3,"2":3,"3":3,"4":3,"5":3,"6":3,"7":3,"8":3,"9":3,"10":3,"11":3,"12":3,"13":3,"14":3,"15":3,"16":3,"17":3},"f":{},"b":{},"_coverageSchema":"1a1c01bbd47fc00a2c39e90264f33305004495a9","hash":"291fcd9b50a37a43a444fd7bda540cee4ea85512"}
,"/Users/amiledlamini/Desktop/pulsevote/pulsevote-backend/routes/organisationRoutes": {"path":"/Users/amiledlamini/Desktop/pulsevote/pulsevote-backend/routes/organisationRoutes","statementMap":{"0":{"start":{"line":1,"column":16},"end":{"line":1,"column":34}},"1":{"start":{"line":2,"column":20},"end":{"line":2,"column":59}},"2":{"start":{"line":3,"column":24},"end":{"line":3,"column":63}},"3":{"start":{"line":9,"column":4},"end":{"line":9,"column":52}},"4":{"start":{"line":11,"column":15},"end":{"line":11,"column":31}},"5":{"start":{"line":13,"column":0},"end":{"line":13,"column":61}},"6":{"start":{"line":14,"column":0},"end":{"line":14,"column":89}},"7":{"start":{"line":15,"column":0},"end":{"line":15,"column":102}},"8":{"start":{"line":16,"column":0},"end":{"line":16,"column":61}},"9":{"start":{"line":18,"column":0},"end":{"line":18,"column":24}}},"fnMap":{},"branchMap":{},"s":{"0":3,"1":3,"2":3,"3":3,"4":3,"5":3,"6":3,"7":3,"8":3,"9":3},"f":{},"b":{},"inputSourceMap":null,"_coverageSchema":"1a1c01bbd47fc00a2c39e90264f33305004495a9","hash":"689a8988ff984abf8564598e8d0077ec1a82b327"}
,"/Users/amiledlamini/Desktop/pulsevote/pulsevote-backend/routes/pollRoutes.js": {"path":"/Users/amiledlamini/Desktop/pulsevote/pulsevote-backend/routes/pollRoutes.js","statementMap":{"0":{"start":{"line":1,"column":16},"end":{"line":1,"column":34}},"1":{"start":{"line":2,"column":20},"end":{"line":2,"column":59}},"2":{"start":{"line":3,"column":24},"end":{"line":3,"column":63}},"3":{"start":{"line":11,"column":4},"end":{"line":11,"column":44}},"4":{"start":{"line":13,"column":15},"end":{"line":13,"column":31}},"5":{"start":{"line":15,"column":0},"end":{"line":15,"column":73}},"6":{"start":{"line":16,"column":0},"end":{"line":16,"column":69}},"7":{"start":{"line":17,"column":0},"end":{"line":17,"column":65}},"8":{"start":{"line":18,"column":0},"end":{"line":18,"column":63}},"9":{"start":{"line":19,"column":0},"end":{"line":19,"column":50}},"10":{"start":{"line":20,"column":0},"end":{"line":20,"column":48}},"11":{"start":{"line":22,"column":0},"end":{"line":22,"column":24}}},"fnMap":{},"branchMap":{},"s":{"0":3,"1":3,"2":3,"3":3,"4":3,"5":3,"6":3,"7":3,"8":3,"9":3,"10":3,"11":3},"f":{},"b":{},"_coverageSchema":"1a1c01bbd47fc00a2c39e90264f33305004495a9","hash":"8371af34e7bbae6ce13fa1c80fba74e00e0f03cd"}
,"/Users/amiledlamini/Desktop/pulsevote/pulsevote-backend/utils/generateToken.js": {"path":"/Users/amiledlamini/Desktop/pulsevote/pulsevote-backend/utils/generateToken.js","statementMap":{"0":{"start":{"line":1,"column":12},"end":{"line":1,"column":35}},"1":{"start":{"line":4,"column":2},"end":{"line":8,"column":4}},"2":{"start":{"line":11,"column":0},"end":{"line":11,"column":31}}},"fnMap":{"0":{"name":"generateToken","decl":{"start":{"line":3,"column":9},"end":{"line":3,"column":22}},"loc":{"start":{"line":3,"column":29},"end":{"line":9,"column":1}},"line":3}},"branchMap":{},"s":{"0":3,"1":0,"2":3},"f":{"0":0},"b":{},"_coverageSchema":"1a1c01bbd47fc00a2c39e90264f33305004495a9","hash":"7e3b17683f5dd2f5cd1c7bca501e41e21e365ce9"}
}
